c:\users\elecomte\documents\[personnel] emerick cours\projet moteur\engine\engine\debug\vc140.pdb
c:\users\elecomte\documents\[personnel] emerick cours\projet moteur\engine\engine\debug\vc140.idb
c:\users\elecomte\documents\[personnel] emerick cours\projet moteur\engine\engine\debug\camera.obj
c:\users\elecomte\documents\[personnel] emerick cours\projet moteur\engine\engine\debug\main.obj
c:\users\elecomte\documents\[personnel] emerick cours\projet moteur\engine\engine\debug\map.obj
c:\users\elecomte\documents\[personnel] emerick cours\projet moteur\engine\engine\debug\gameloop.obj
c:\users\elecomte\documents\[personnel] emerick cours\projet moteur\engine\engine\debug\time.obj
c:\users\elecomte\documents\[personnel] emerick cours\projet moteur\engine\engine\debug\inputmanager.obj
c:\users\elecomte\documents\[personnel] emerick cours\projet moteur\engine\engine\debug\esgishader.obj
c:\users\elecomte\documents\[personnel] emerick cours\projet moteur\engine\engine\debug\landmark.obj
c:\users\elecomte\documents\[personnel] emerick cours\projet moteur\engine\engine\debug\windowevent.obj
c:\users\elecomte\documents\[personnel] emerick cours\projet moteur\engine\engine\debug\gui.obj
c:\users\elecomte\documents\[personnel] emerick cours\projet moteur\engine\engine\debug\loaderobj.obj
c:\users\elecomte\documents\[personnel] emerick cours\projet moteur\engine\debug\engine.ilk
c:\users\elecomte\documents\[personnel] emerick cours\projet moteur\engine\debug\engine.exe
c:\users\elecomte\documents\[personnel] emerick cours\projet moteur\engine\debug\engine.pdb
c:\users\elecomte\documents\[personnel] emerick cours\projet moteur\engine\engine\debug\engine.tlog\cl.command.1.tlog
c:\users\elecomte\documents\[personnel] emerick cours\projet moteur\engine\engine\debug\engine.tlog\cl.read.1.tlog
c:\users\elecomte\documents\[personnel] emerick cours\projet moteur\engine\engine\debug\engine.tlog\cl.write.1.tlog
c:\users\elecomte\documents\[personnel] emerick cours\projet moteur\engine\engine\debug\engine.tlog\link-cvtres.read.1.tlog
c:\users\elecomte\documents\[personnel] emerick cours\projet moteur\engine\engine\debug\engine.tlog\link-cvtres.write.1.tlog
c:\users\elecomte\documents\[personnel] emerick cours\projet moteur\engine\engine\debug\engine.tlog\link-rc.read.1.tlog
c:\users\elecomte\documents\[personnel] emerick cours\projet moteur\engine\engine\debug\engine.tlog\link-rc.write.1.tlog
c:\users\elecomte\documents\[personnel] emerick cours\projet moteur\engine\engine\debug\engine.tlog\link.8372-cvtres.read.1.tlog
c:\users\elecomte\documents\[personnel] emerick cours\projet moteur\engine\engine\debug\engine.tlog\link.8372-cvtres.write.1.tlog
c:\users\elecomte\documents\[personnel] emerick cours\projet moteur\engine\engine\debug\engine.tlog\link.8372-rc.read.1.tlog
c:\users\elecomte\documents\[personnel] emerick cours\projet moteur\engine\engine\debug\engine.tlog\link.8372-rc.write.1.tlog
c:\users\elecomte\documents\[personnel] emerick cours\projet moteur\engine\engine\debug\engine.tlog\link.8372.read.1.tlog
c:\users\elecomte\documents\[personnel] emerick cours\projet moteur\engine\engine\debug\engine.tlog\link.8372.write.1.tlog
c:\users\elecomte\documents\[personnel] emerick cours\projet moteur\engine\engine\debug\engine.tlog\link.command.1.tlog
c:\users\elecomte\documents\[personnel] emerick cours\projet moteur\engine\engine\debug\engine.tlog\link.read.1.tlog
c:\users\elecomte\documents\[personnel] emerick cours\projet moteur\engine\engine\debug\engine.tlog\link.write.1.tlog
